running for frame 149
Select group for output
Selected 0: 'System'
turning all bonds into constraints...
turning all bonds into constraints...
turning all bonds into constraints...
turning all bonds into constraints...
turning all bonds into constraints...
turning all bonds into constraints...
turning all bonds into constraints...
turning all bonds into constraints...
Determining Verlet buffer for a tolerance of 0.005 kJ/mol/ps at 310 K
Calculated rlist for 1x1 atom pair-list as 1.495 nm, buffer size 0.095 nm
Set rlist, assuming 4x4 atom pair-list, to 1.419 nm, buffer size 0.019 nm
Note that mdrun will redetermine rlist based on the actual pair-list setup
Calculating fourier grid dimensions for X Y Z
Using a fourier grid of 56x40x104, spacing 0.118 0.109 0.116
This run will generate roughly 8 Mb of data
turning all bonds into constraints...
turning all bonds into constraints...
turning all bonds into constraints...
turning all bonds into constraints...
turning all bonds into constraints...
turning all bonds into constraints...
turning all bonds into constraints...
turning all bonds into constraints...
Determining Verlet buffer for a tolerance of 0.005 kJ/mol/ps at 310 K
Calculated rlist for 1x1 atom pair-list as 1.495 nm, buffer size 0.095 nm
Set rlist, assuming 4x4 atom pair-list, to 1.419 nm, buffer size 0.019 nm
Note that mdrun will redetermine rlist based on the actual pair-list setup
Calculating fourier grid dimensions for X Y Z
Using a fourier grid of 56x40x104, spacing 0.118 0.109 0.116
This run will generate roughly 12 Mb of data
done
running for frame 184
Select group for output
Selected 0: 'System'
turning all bonds into constraints...
turning all bonds into constraints...
turning all bonds into constraints...
turning all bonds into constraints...
turning all bonds into constraints...
turning all bonds into constraints...
turning all bonds into constraints...
turning all bonds into constraints...
Determining Verlet buffer for a tolerance of 0.005 kJ/mol/ps at 310 K
Calculated rlist for 1x1 atom pair-list as 1.495 nm, buffer size 0.095 nm
Set rlist, assuming 4x4 atom pair-list, to 1.419 nm, buffer size 0.019 nm
Note that mdrun will redetermine rlist based on the actual pair-list setup
Calculating fourier grid dimensions for X Y Z
Using a fourier grid of 56x40x104, spacing 0.118 0.109 0.116
This run will generate roughly 8 Mb of data
turning all bonds into constraints...
turning all bonds into constraints...
turning all bonds into constraints...
turning all bonds into constraints...
turning all bonds into constraints...
turning all bonds into constraints...
turning all bonds into constraints...
turning all bonds into constraints...
Determining Verlet buffer for a tolerance of 0.005 kJ/mol/ps at 310 K
Calculated rlist for 1x1 atom pair-list as 1.495 nm, buffer size 0.095 nm
Set rlist, assuming 4x4 atom pair-list, to 1.419 nm, buffer size 0.019 nm
Note that mdrun will redetermine rlist based on the actual pair-list setup
Calculating fourier grid dimensions for X Y Z
Using a fourier grid of 56x40x104, spacing 0.118 0.109 0.116
This run will generate roughly 12 Mb of data
done
running for frame 202
Select group for output
Selected 0: 'System'
turning all bonds into constraints...
turning all bonds into constraints...
turning all bonds into constraints...
turning all bonds into constraints...
turning all bonds into constraints...
turning all bonds into constraints...
turning all bonds into constraints...
turning all bonds into constraints...
Determining Verlet buffer for a tolerance of 0.005 kJ/mol/ps at 310 K
Calculated rlist for 1x1 atom pair-list as 1.495 nm, buffer size 0.095 nm
Set rlist, assuming 4x4 atom pair-list, to 1.419 nm, buffer size 0.019 nm
Note that mdrun will redetermine rlist based on the actual pair-list setup
Calculating fourier grid dimensions for X Y Z
Using a fourier grid of 56x40x104, spacing 0.118 0.110 0.116
This run will generate roughly 8 Mb of data
turning all bonds into constraints...
turning all bonds into constraints...
turning all bonds into constraints...
turning all bonds into constraints...
turning all bonds into constraints...
turning all bonds into constraints...
turning all bonds into constraints...
turning all bonds into constraints...
Determining Verlet buffer for a tolerance of 0.005 kJ/mol/ps at 310 K
Calculated rlist for 1x1 atom pair-list as 1.495 nm, buffer size 0.095 nm
Set rlist, assuming 4x4 atom pair-list, to 1.419 nm, buffer size 0.019 nm
Note that mdrun will redetermine rlist based on the actual pair-list setup
Calculating fourier grid dimensions for X Y Z
Using a fourier grid of 56x40x104, spacing 0.118 0.109 0.116
This run will generate roughly 12 Mb of data
done
running for frame 210
Select group for output
Selected 0: 'System'
turning all bonds into constraints...
turning all bonds into constraints...
turning all bonds into constraints...
turning all bonds into constraints...
turning all bonds into constraints...
turning all bonds into constraints...
turning all bonds into constraints...
turning all bonds into constraints...
Determining Verlet buffer for a tolerance of 0.005 kJ/mol/ps at 310 K
Calculated rlist for 1x1 atom pair-list as 1.495 nm, buffer size 0.095 nm
Set rlist, assuming 4x4 atom pair-list, to 1.419 nm, buffer size 0.019 nm
Note that mdrun will redetermine rlist based on the actual pair-list setup
Calculating fourier grid dimensions for X Y Z
Using a fourier grid of 56x40x104, spacing 0.118 0.110 0.116
This run will generate roughly 8 Mb of data
turning all bonds into constraints...
turning all bonds into constraints...
turning all bonds into constraints...
turning all bonds into constraints...
turning all bonds into constraints...
turning all bonds into constraints...
turning all bonds into constraints...
turning all bonds into constraints...
Determining Verlet buffer for a tolerance of 0.005 kJ/mol/ps at 310 K
Calculated rlist for 1x1 atom pair-list as 1.495 nm, buffer size 0.095 nm
Set rlist, assuming 4x4 atom pair-list, to 1.419 nm, buffer size 0.019 nm
Note that mdrun will redetermine rlist based on the actual pair-list setup
Calculating fourier grid dimensions for X Y Z
Using a fourier grid of 56x40x104, spacing 0.118 0.109 0.116
This run will generate roughly 12 Mb of data
done
running for frame 219
Select group for output
Selected 0: 'System'
turning all bonds into constraints...
turning all bonds into constraints...
turning all bonds into constraints...
turning all bonds into constraints...
turning all bonds into constraints...
turning all bonds into constraints...
turning all bonds into constraints...
turning all bonds into constraints...
Determining Verlet buffer for a tolerance of 0.005 kJ/mol/ps at 310 K
Calculated rlist for 1x1 atom pair-list as 1.495 nm, buffer size 0.095 nm
Set rlist, assuming 4x4 atom pair-list, to 1.419 nm, buffer size 0.019 nm
Note that mdrun will redetermine rlist based on the actual pair-list setup
Calculating fourier grid dimensions for X Y Z
Using a fourier grid of 56x40x104, spacing 0.118 0.109 0.116
This run will generate roughly 8 Mb of data
turning all bonds into constraints...
turning all bonds into constraints...
turning all bonds into constraints...
turning all bonds into constraints...
turning all bonds into constraints...
turning all bonds into constraints...
turning all bonds into constraints...
turning all bonds into constraints...
Determining Verlet buffer for a tolerance of 0.005 kJ/mol/ps at 310 K
Calculated rlist for 1x1 atom pair-list as 1.495 nm, buffer size 0.095 nm
Set rlist, assuming 4x4 atom pair-list, to 1.419 nm, buffer size 0.019 nm
Note that mdrun will redetermine rlist based on the actual pair-list setup
Calculating fourier grid dimensions for X Y Z
Using a fourier grid of 56x40x104, spacing 0.118 0.110 0.116
This run will generate roughly 12 Mb of data
done
running for frame 229
Select group for output
Selected 0: 'System'
turning all bonds into constraints...
turning all bonds into constraints...
turning all bonds into constraints...
turning all bonds into constraints...
turning all bonds into constraints...
turning all bonds into constraints...
turning all bonds into constraints...
turning all bonds into constraints...
Determining Verlet buffer for a tolerance of 0.005 kJ/mol/ps at 310 K
Calculated rlist for 1x1 atom pair-list as 1.495 nm, buffer size 0.095 nm
Set rlist, assuming 4x4 atom pair-list, to 1.419 nm, buffer size 0.019 nm
Note that mdrun will redetermine rlist based on the actual pair-list setup
Calculating fourier grid dimensions for X Y Z
Using a fourier grid of 56x40x104, spacing 0.118 0.110 0.116
This run will generate roughly 8 Mb of data
turning all bonds into constraints...
turning all bonds into constraints...
turning all bonds into constraints...
turning all bonds into constraints...
turning all bonds into constraints...
turning all bonds into constraints...
turning all bonds into constraints...
turning all bonds into constraints...
Determining Verlet buffer for a tolerance of 0.005 kJ/mol/ps at 310 K
Calculated rlist for 1x1 atom pair-list as 1.495 nm, buffer size 0.095 nm
Set rlist, assuming 4x4 atom pair-list, to 1.419 nm, buffer size 0.019 nm
Note that mdrun will redetermine rlist based on the actual pair-list setup
Calculating fourier grid dimensions for X Y Z
Using a fourier grid of 56x40x104, spacing 0.118 0.110 0.116
This run will generate roughly 12 Mb of data
done
running for frame 244
Select group for output
Selected 0: 'System'
turning all bonds into constraints...
turning all bonds into constraints...
turning all bonds into constraints...
turning all bonds into constraints...
turning all bonds into constraints...
turning all bonds into constraints...
turning all bonds into constraints...
turning all bonds into constraints...
Determining Verlet buffer for a tolerance of 0.005 kJ/mol/ps at 310 K
Calculated rlist for 1x1 atom pair-list as 1.495 nm, buffer size 0.095 nm
Set rlist, assuming 4x4 atom pair-list, to 1.420 nm, buffer size 0.020 nm
Note that mdrun will redetermine rlist based on the actual pair-list setup
Calculating fourier grid dimensions for X Y Z
Using a fourier grid of 56x40x104, spacing 0.117 0.109 0.116
This run will generate roughly 8 Mb of data
turning all bonds into constraints...
turning all bonds into constraints...
turning all bonds into constraints...
turning all bonds into constraints...
turning all bonds into constraints...
turning all bonds into constraints...
turning all bonds into constraints...
turning all bonds into constraints...
Determining Verlet buffer for a tolerance of 0.005 kJ/mol/ps at 310 K
Calculated rlist for 1x1 atom pair-list as 1.495 nm, buffer size 0.095 nm
Set rlist, assuming 4x4 atom pair-list, to 1.419 nm, buffer size 0.019 nm
Note that mdrun will redetermine rlist based on the actual pair-list setup
Calculating fourier grid dimensions for X Y Z
Using a fourier grid of 56x40x104, spacing 0.118 0.109 0.116
This run will generate roughly 12 Mb of data
done
running for frame 267
Select group for output
Selected 0: 'System'
turning all bonds into constraints...
turning all bonds into constraints...
turning all bonds into constraints...
turning all bonds into constraints...
turning all bonds into constraints...
turning all bonds into constraints...
turning all bonds into constraints...
turning all bonds into constraints...
Determining Verlet buffer for a tolerance of 0.005 kJ/mol/ps at 310 K
Calculated rlist for 1x1 atom pair-list as 1.495 nm, buffer size 0.095 nm
Set rlist, assuming 4x4 atom pair-list, to 1.419 nm, buffer size 0.019 nm
Note that mdrun will redetermine rlist based on the actual pair-list setup
Calculating fourier grid dimensions for X Y Z
Using a fourier grid of 56x40x104, spacing 0.118 0.110 0.116
This run will generate roughly 8 Mb of data
turning all bonds into constraints...
turning all bonds into constraints...
turning all bonds into constraints...
turning all bonds into constraints...
turning all bonds into constraints...
turning all bonds into constraints...
turning all bonds into constraints...
turning all bonds into constraints...
Determining Verlet buffer for a tolerance of 0.005 kJ/mol/ps at 310 K
Calculated rlist for 1x1 atom pair-list as 1.495 nm, buffer size 0.095 nm
Set rlist, assuming 4x4 atom pair-list, to 1.419 nm, buffer size 0.019 nm
Note that mdrun will redetermine rlist based on the actual pair-list setup
Calculating fourier grid dimensions for X Y Z
Using a fourier grid of 56x40x104, spacing 0.118 0.109 0.116
This run will generate roughly 12 Mb of data
done
running for frame 297
Select group for output
Selected 0: 'System'
turning all bonds into constraints...
turning all bonds into constraints...
turning all bonds into constraints...
turning all bonds into constraints...
turning all bonds into constraints...
turning all bonds into constraints...
turning all bonds into constraints...
turning all bonds into constraints...
Determining Verlet buffer for a tolerance of 0.005 kJ/mol/ps at 310 K
Calculated rlist for 1x1 atom pair-list as 1.495 nm, buffer size 0.095 nm
Set rlist, assuming 4x4 atom pair-list, to 1.419 nm, buffer size 0.019 nm
Note that mdrun will redetermine rlist based on the actual pair-list setup
Calculating fourier grid dimensions for X Y Z
Using a fourier grid of 56x40x104, spacing 0.118 0.109 0.116
This run will generate roughly 8 Mb of data
turning all bonds into constraints...
turning all bonds into constraints...
turning all bonds into constraints...
turning all bonds into constraints...
turning all bonds into constraints...
turning all bonds into constraints...
turning all bonds into constraints...
turning all bonds into constraints...
Determining Verlet buffer for a tolerance of 0.005 kJ/mol/ps at 310 K
Calculated rlist for 1x1 atom pair-list as 1.495 nm, buffer size 0.095 nm
Set rlist, assuming 4x4 atom pair-list, to 1.419 nm, buffer size 0.019 nm
Note that mdrun will redetermine rlist based on the actual pair-list setup
Calculating fourier grid dimensions for X Y Z
Using a fourier grid of 56x40x104, spacing 0.118 0.109 0.116
This run will generate roughly 12 Mb of data
done
running for frame 318
Select group for output
Selected 0: 'System'
turning all bonds into constraints...
turning all bonds into constraints...
turning all bonds into constraints...
turning all bonds into constraints...
turning all bonds into constraints...
turning all bonds into constraints...
turning all bonds into constraints...
turning all bonds into constraints...
Determining Verlet buffer for a tolerance of 0.005 kJ/mol/ps at 310 K
Calculated rlist for 1x1 atom pair-list as 1.495 nm, buffer size 0.095 nm
Set rlist, assuming 4x4 atom pair-list, to 1.419 nm, buffer size 0.019 nm
Note that mdrun will redetermine rlist based on the actual pair-list setup
Calculating fourier grid dimensions for X Y Z
Using a fourier grid of 56x40x104, spacing 0.118 0.110 0.116
This run will generate roughly 8 Mb of data
turning all bonds into constraints...
turning all bonds into constraints...
turning all bonds into constraints...
turning all bonds into constraints...
turning all bonds into constraints...
turning all bonds into constraints...
turning all bonds into constraints...
turning all bonds into constraints...
Determining Verlet buffer for a tolerance of 0.005 kJ/mol/ps at 310 K
Calculated rlist for 1x1 atom pair-list as 1.495 nm, buffer size 0.095 nm
Set rlist, assuming 4x4 atom pair-list, to 1.419 nm, buffer size 0.019 nm
Note that mdrun will redetermine rlist based on the actual pair-list setup
Calculating fourier grid dimensions for X Y Z
Using a fourier grid of 56x40x104, spacing 0.118 0.109 0.116
This run will generate roughly 12 Mb of data
done
running for frame 333
Select group for output
Selected 0: 'System'
turning all bonds into constraints...
turning all bonds into constraints...
turning all bonds into constraints...
turning all bonds into constraints...
turning all bonds into constraints...
turning all bonds into constraints...
turning all bonds into constraints...
turning all bonds into constraints...
Determining Verlet buffer for a tolerance of 0.005 kJ/mol/ps at 310 K
Calculated rlist for 1x1 atom pair-list as 1.495 nm, buffer size 0.095 nm
Set rlist, assuming 4x4 atom pair-list, to 1.419 nm, buffer size 0.019 nm
Note that mdrun will redetermine rlist based on the actual pair-list setup
Calculating fourier grid dimensions for X Y Z
Using a fourier grid of 56x40x104, spacing 0.118 0.109 0.116
This run will generate roughly 8 Mb of data
turning all bonds into constraints...
turning all bonds into constraints...
turning all bonds into constraints...
turning all bonds into constraints...
turning all bonds into constraints...
turning all bonds into constraints...
turning all bonds into constraints...
turning all bonds into constraints...
Determining Verlet buffer for a tolerance of 0.005 kJ/mol/ps at 310 K
Calculated rlist for 1x1 atom pair-list as 1.495 nm, buffer size 0.095 nm
Set rlist, assuming 4x4 atom pair-list, to 1.419 nm, buffer size 0.019 nm
Note that mdrun will redetermine rlist based on the actual pair-list setup
Calculating fourier grid dimensions for X Y Z
Using a fourier grid of 56x40x104, spacing 0.118 0.110 0.116
This run will generate roughly 12 Mb of data
done
running for frame 372
Select group for output
Selected 0: 'System'
turning all bonds into constraints...
turning all bonds into constraints...
turning all bonds into constraints...
turning all bonds into constraints...
turning all bonds into constraints...
turning all bonds into constraints...
turning all bonds into constraints...
turning all bonds into constraints...
Determining Verlet buffer for a tolerance of 0.005 kJ/mol/ps at 310 K
Calculated rlist for 1x1 atom pair-list as 1.495 nm, buffer size 0.095 nm
Set rlist, assuming 4x4 atom pair-list, to 1.419 nm, buffer size 0.019 nm
Note that mdrun will redetermine rlist based on the actual pair-list setup
Calculating fourier grid dimensions for X Y Z
Using a fourier grid of 56x40x104, spacing 0.118 0.109 0.116
This run will generate roughly 8 Mb of data
turning all bonds into constraints...
turning all bonds into constraints...
turning all bonds into constraints...
turning all bonds into constraints...
turning all bonds into constraints...
turning all bonds into constraints...
turning all bonds into constraints...
turning all bonds into constraints...
Determining Verlet buffer for a tolerance of 0.005 kJ/mol/ps at 310 K
Calculated rlist for 1x1 atom pair-list as 1.495 nm, buffer size 0.095 nm
Set rlist, assuming 4x4 atom pair-list, to 1.419 nm, buffer size 0.019 nm
Note that mdrun will redetermine rlist based on the actual pair-list setup
Calculating fourier grid dimensions for X Y Z
Using a fourier grid of 56x40x104, spacing 0.118 0.109 0.116
This run will generate roughly 12 Mb of data
done
running for frame 408
Select group for output
Selected 0: 'System'
turning all bonds into constraints...
turning all bonds into constraints...
turning all bonds into constraints...
turning all bonds into constraints...
turning all bonds into constraints...
turning all bonds into constraints...
turning all bonds into constraints...
turning all bonds into constraints...
Determining Verlet buffer for a tolerance of 0.005 kJ/mol/ps at 310 K
Calculated rlist for 1x1 atom pair-list as 1.495 nm, buffer size 0.095 nm
Set rlist, assuming 4x4 atom pair-list, to 1.419 nm, buffer size 0.019 nm
Note that mdrun will redetermine rlist based on the actual pair-list setup
Calculating fourier grid dimensions for X Y Z
Using a fourier grid of 56x40x104, spacing 0.118 0.109 0.116
This run will generate roughly 8 Mb of data
turning all bonds into constraints...
turning all bonds into constraints...
turning all bonds into constraints...
turning all bonds into constraints...
turning all bonds into constraints...
turning all bonds into constraints...
turning all bonds into constraints...
turning all bonds into constraints...
Determining Verlet buffer for a tolerance of 0.005 kJ/mol/ps at 310 K
Calculated rlist for 1x1 atom pair-list as 1.495 nm, buffer size 0.095 nm
Set rlist, assuming 4x4 atom pair-list, to 1.419 nm, buffer size 0.019 nm
Note that mdrun will redetermine rlist based on the actual pair-list setup
Calculating fourier grid dimensions for X Y Z
Using a fourier grid of 56x40x104, spacing 0.118 0.110 0.116
This run will generate roughly 12 Mb of data
done
running for frame 427
Select group for output
Selected 0: 'System'
turning all bonds into constraints...
turning all bonds into constraints...
turning all bonds into constraints...
turning all bonds into constraints...
turning all bonds into constraints...
turning all bonds into constraints...
turning all bonds into constraints...
turning all bonds into constraints...
Determining Verlet buffer for a tolerance of 0.005 kJ/mol/ps at 310 K
Calculated rlist for 1x1 atom pair-list as 1.495 nm, buffer size 0.095 nm
Set rlist, assuming 4x4 atom pair-list, to 1.419 nm, buffer size 0.019 nm
Note that mdrun will redetermine rlist based on the actual pair-list setup
Calculating fourier grid dimensions for X Y Z
Using a fourier grid of 56x40x104, spacing 0.118 0.110 0.116
This run will generate roughly 8 Mb of data
turning all bonds into constraints...
turning all bonds into constraints...
turning all bonds into constraints...
turning all bonds into constraints...
turning all bonds into constraints...
turning all bonds into constraints...
turning all bonds into constraints...
turning all bonds into constraints...
Determining Verlet buffer for a tolerance of 0.005 kJ/mol/ps at 310 K
Calculated rlist for 1x1 atom pair-list as 1.495 nm, buffer size 0.095 nm
Set rlist, assuming 4x4 atom pair-list, to 1.419 nm, buffer size 0.019 nm
Note that mdrun will redetermine rlist based on the actual pair-list setup
Calculating fourier grid dimensions for X Y Z
Using a fourier grid of 56x40x104, spacing 0.118 0.109 0.116
This run will generate roughly 12 Mb of data
done
running for frame 455
Select group for output
Selected 0: 'System'
turning all bonds into constraints...
turning all bonds into constraints...
turning all bonds into constraints...
turning all bonds into constraints...
turning all bonds into constraints...
turning all bonds into constraints...
turning all bonds into constraints...
turning all bonds into constraints...
Determining Verlet buffer for a tolerance of 0.005 kJ/mol/ps at 310 K
Calculated rlist for 1x1 atom pair-list as 1.495 nm, buffer size 0.095 nm
Set rlist, assuming 4x4 atom pair-list, to 1.419 nm, buffer size 0.019 nm
Note that mdrun will redetermine rlist based on the actual pair-list setup
Calculating fourier grid dimensions for X Y Z
Using a fourier grid of 56x40x104, spacing 0.118 0.110 0.116
This run will generate roughly 8 Mb of data
turning all bonds into constraints...
turning all bonds into constraints...
turning all bonds into constraints...
turning all bonds into constraints...
turning all bonds into constraints...
turning all bonds into constraints...
turning all bonds into constraints...
turning all bonds into constraints...
Determining Verlet buffer for a tolerance of 0.005 kJ/mol/ps at 310 K
Calculated rlist for 1x1 atom pair-list as 1.495 nm, buffer size 0.095 nm
Set rlist, assuming 4x4 atom pair-list, to 1.420 nm, buffer size 0.020 nm
Note that mdrun will redetermine rlist based on the actual pair-list setup
Calculating fourier grid dimensions for X Y Z
Using a fourier grid of 56x40x104, spacing 0.118 0.109 0.116
This run will generate roughly 12 Mb of data
done
running for frame 482
Select group for output
Selected 0: 'System'
turning all bonds into constraints...
turning all bonds into constraints...
turning all bonds into constraints...
turning all bonds into constraints...
turning all bonds into constraints...
turning all bonds into constraints...
turning all bonds into constraints...
turning all bonds into constraints...
Determining Verlet buffer for a tolerance of 0.005 kJ/mol/ps at 310 K
Calculated rlist for 1x1 atom pair-list as 1.495 nm, buffer size 0.095 nm
Set rlist, assuming 4x4 atom pair-list, to 1.419 nm, buffer size 0.019 nm
Note that mdrun will redetermine rlist based on the actual pair-list setup
Calculating fourier grid dimensions for X Y Z
Using a fourier grid of 56x40x104, spacing 0.118 0.109 0.116
This run will generate roughly 8 Mb of data
turning all bonds into constraints...
turning all bonds into constraints...
turning all bonds into constraints...
turning all bonds into constraints...
turning all bonds into constraints...
turning all bonds into constraints...
turning all bonds into constraints...
turning all bonds into constraints...
Determining Verlet buffer for a tolerance of 0.005 kJ/mol/ps at 310 K
Calculated rlist for 1x1 atom pair-list as 1.495 nm, buffer size 0.095 nm
Set rlist, assuming 4x4 atom pair-list, to 1.420 nm, buffer size 0.020 nm
Note that mdrun will redetermine rlist based on the actual pair-list setup
Calculating fourier grid dimensions for X Y Z
Using a fourier grid of 56x40x104, spacing 0.118 0.109 0.116
This run will generate roughly 12 Mb of data
done
